<?xml version="1.0" encoding="UTF-8"?>
<!-- Generated by org.testng.reporters.JUnitReportReporter -->
<testsuite hostname="LAPTOP-FU74VF0U" failures="0" tests="1" name="testcases.TestCase_addShoppingCart" time="3.211" errors="0" timestamp="2022-08-04T16:59:15 EDT" skipped="0">
  <testcase classname="testcases.TestCase_addShoppingCart" name="addShoppingCart" time="3.211"/>
  <system-out/>
</testsuite> <!-- testcases.TestCase_addShoppingCart -->
